warning: default on the choice symbol BT_NIMBLE_ENABLED (defined at /home/eunous/esp-idf/components/bt/Kconfig:22, /home/eunous/git/dvid/com-at/com-at/components/esp-nimble-cpp/Kconfig:221) will have no effect, as defaults do not affect choice symbols
warning: the choice symbol BT_NIMBLE_ENABLED (defined at /home/eunous/esp-idf/components/bt/Kconfig:22, /home/eunous/git/dvid/com-at/com-at/components/esp-nimble-cpp/Kconfig:221) is defined with a prompt outside the choice
info: INFO: Symbol BT_ENABLED defined in multiple locations (see below). Please check if this is a correct behavior or a random name match:
    /home/eunous/git/dvid/com-at/com-at/components/esp-nimble-cpp/Kconfig:214
    /home/eunous/esp-idf/components/bt/Kconfig:3
info: INFO: Symbol BT_NIMBLE_ENABLED defined in multiple locations (see below). Please check if this is a correct behavior or a random name match:
    /home/eunous/esp-idf/components/bt/Kconfig:22
    /home/eunous/git/dvid/com-at/com-at/components/esp-nimble-cpp/Kconfig:221
info: INFO: Symbol BT_NIMBLE_TRANSPORT_UART defined in multiple locations (see below). Please check if this is a correct behavior or a random name match:
    /home/eunous/git/dvid/com-at/com-at/components/esp-nimble-cpp/Kconfig:229
    /home/eunous/esp-idf/components/bt/host/nimble/Kconfig.in:976
/home/eunous/.espressif/tools/xtensa-esp-elf/esp-13.2.0_20240530/xtensa-esp-elf/bin/../lib/gcc/xtensa-esp-elf/13.2.0/../../../../xtensa-esp-elf/bin/ld: esp-idf/main/libmain.a(com-at.c.obj):(.literal.app_main+0x24): undefined reference to `ble_at_register'
/home/eunous/.espressif/tools/xtensa-esp-elf/esp-13.2.0_20240530/xtensa-esp-elf/bin/../lib/gcc/xtensa-esp-elf/13.2.0/../../../../xtensa-esp-elf/bin/ld: esp-idf/main/libmain.a(com-at.c.obj): in function `app_main':
/home/eunous/git/dvid/com-at/com-at/main/com-at.c:36:(.text.app_main+0x6c): undefined reference to `ble_at_register'
collect2: error: ld returned 1 exit status
make[2]: *** [CMakeFiles/com-at.elf.dir/build.make:586: com-at.elf] Error 1
make[1]: *** [CMakeFiles/Makefile2:2602: CMakeFiles/com-at.elf.dir/all] Error 2
make: *** [Makefile:136: all] Error 2
